<?xml version="1.0" encoding="UTF-8" ?>
<testsuite tests="9" failures="0" name="utilities.TestRunner" time="1.497" errors="0" skipped="0">
  <properties>
[...]
</properties>
  <testcase classname="Scenario: Find the Id&apos;s for Facebook page" name="Given As a chrome user" time="0.016"/>
  <testcase classname="Scenario: Find the Id&apos;s for Facebook page" name="When I access Facebook page" time="0"/>
  <testcase classname="Scenario: Find the Id&apos;s for Facebook page" name="Then I see the Facebook Home page" time="0"/>
  <testcase classname="Scenario: Find the Id&apos;s for Facebook page" name="And I perform key actions" time="0"/>
  <testcase classname="Scenario: Find the Id&apos;s for Facebook page" name="Scenario: Find the Id&apos;s for Facebook page" time="0.75"/>
  <testcase classname="Scenario: Launch different Santander useful links" name="Given As a Santander user" time="0"/>
  <testcase classname="Scenario: Launch different Santander useful links" name="When I launch Santander website" time="0"/>
  <testcase classname="Scenario: Launch different Santander useful links" name="Then I click on Online Banking link" time="0"/>
  <testcase classname="Scenario: Launch different Santander useful links" name="Scenario: Launch different Santander useful links" time="0.731"/>
</testsuite>